Using pre-set license

 COMMAND LINE ARGUMENTS:
/Applications/Unity/Hub/Editor/2020.3.14f1/Unity.app/Contents/MacOS/Unity
-adb2
-batchMode
-noUpm
-name
AssetImportWorker0
-projectPath
/Users/caznm/development/Week_1_practice
-logFile
Logs/AssetImportWorker0.log
-srvPort
54662
Successfully changed project path to: /Users/caznm/development/Week_1_practice
/Users/caznm/development/Week_1_practice
Using Asset Import Pipeline V2.
Refreshing native plugins compatible for Editor in 68.31 ms, found 2 plugins.
Preloading 0 native plugins for Editor in 0.00 ms.
Initialize engine version: 2020.3.14f1 (d0d1bb862f9d)
[Subsystems] Discovering subsystems at path /Applications/Unity/Hub/Editor/2020.3.14f1/Unity.app/Contents/Resources/UnitySubsystems
[Subsystems] Discovering subsystems at path /Users/caznm/development/Week_1_practice/Assets
GfxDevice: creating device client; threaded=0
2021-07-24 13:52:33.923 Unity[46288:974896] Color LCD preferred device: Intel(R) Iris(TM) Graphics 6000 (low power)
2021-07-24 13:52:33.923 Unity[46288:974896] Metal devices available: 1
2021-07-24 13:52:33.923 Unity[46288:974896] 0: Intel(R) Iris(TM) Graphics 6000 (low power)
2021-07-24 13:52:33.926 Unity[46288:974896] Using device Intel(R) Iris(TM) Graphics 6000 (low power)
Initializing Metal device caps: Intel(R) Iris(TM) Graphics 6000
Initialize mono
Mono path[0] = '/Applications/Unity/Hub/Editor/2020.3.14f1/Unity.app/Contents/Managed'
Mono path[1] = '/Applications/Unity/Hub/Editor/2020.3.14f1/Unity.app/Contents/MonoBleedingEdge/lib/mono/unityjit'
Mono config path = '/Applications/Unity/Hub/Editor/2020.3.14f1/Unity.app/Contents/MonoBleedingEdge/etc'
Using monoOptions --debugger-agent=transport=dt_socket,embedding=1,server=y,suspend=n,address=127.0.0.1:56288
Begin MonoManager ReloadAssembly
Registering precompiled unity dll's ...
Register platform support module: /Applications/Unity/Hub/Editor/2020.3.14f1/Unity.app/Contents/PlaybackEngines/MacStandaloneSupport/UnityEditor.OSXStandalone.Extensions.dll
Registered in 0.003115 seconds.
Native extension for OSXStandalone target not found
Refreshing native plugins compatible for Editor in 62.83 ms, found 2 plugins.
Preloading 0 native plugins for Editor in 0.00 ms.
Mono: successfully reloaded assembly
- Completed reload, in  4.585 seconds
Domain Reload Profiling:
	ReloadAssembly (4585ms)
		BeginReloadAssembly (72ms)
			ExecutionOrderSort (0ms)
			DisableScriptedObjects (0ms)
			BackupInstance (0ms)
			ReleaseScriptingObjects (0ms)
			CreateAndSetChildDomain (1ms)
		EndReloadAssembly (817ms)
			LoadAssemblies (75ms)
			RebuildTransferFunctionScriptingTraits (0ms)
			SetupTypeCache (334ms)
			ReleaseScriptCaches (1ms)
			RebuildScriptCaches (71ms)
			SetupLoadedEditorAssemblies (304ms)
				LogAssemblyErrors (0ms)
				InitializePlatformSupportModulesInManaged (8ms)
				SetLoadedEditorAssemblies (0ms)
				RefreshPlugins (63ms)
				BeforeProcessingInitializeOnLoad (13ms)
				ProcessInitializeOnLoadAttributes (174ms)
				ProcessInitializeOnLoadMethodAttributes (46ms)
				AfterProcessingInitializeOnLoad (0ms)
				EditorAssembliesLoaded (0ms)
			ExecutionOrderSort2 (0ms)
			AwakeInstancesAfterBackupRestoration (0ms)
Platform modules already initialized, skipping
Registering precompiled user dll's ...
Registered in 0.009149 seconds.
Begin MonoManager ReloadAssembly
Native extension for OSXStandalone target not found
Refreshing native plugins compatible for Editor in 0.74 ms, found 2 plugins.
Preloading 0 native plugins for Editor in 0.00 ms.
Mono: successfully reloaded assembly
- Completed reload, in  2.135 seconds
Domain Reload Profiling:
	ReloadAssembly (2138ms)
		BeginReloadAssembly (306ms)
			ExecutionOrderSort (0ms)
			DisableScriptedObjects (15ms)
			BackupInstance (0ms)
			ReleaseScriptingObjects (0ms)
			CreateAndSetChildDomain (54ms)
		EndReloadAssembly (1688ms)
			LoadAssemblies (274ms)
			RebuildTransferFunctionScriptingTraits (0ms)
			SetupTypeCache (507ms)
			ReleaseScriptCaches (1ms)
			RebuildScriptCaches (107ms)
			SetupLoadedEditorAssemblies (627ms)
				LogAssemblyErrors (0ms)
				InitializePlatformSupportModulesInManaged (7ms)
				SetLoadedEditorAssemblies (1ms)
				RefreshPlugins (1ms)
				BeforeProcessingInitializeOnLoad (84ms)
				ProcessInitializeOnLoadAttributes (457ms)
				ProcessInitializeOnLoadMethodAttributes (75ms)
				AfterProcessingInitializeOnLoad (2ms)
				EditorAssembliesLoaded (0ms)
			ExecutionOrderSort2 (0ms)
			AwakeInstancesAfterBackupRestoration (11ms)
Platform modules already initialized, skipping
========================================================================
Worker process is ready to serve import requests
Launching external process: /Applications/Unity/Hub/Editor/2020.3.14f1/Unity.app/Contents/Tools/UnityShaderCompiler
Launched and connected shader compiler UnityShaderCompiler after 0.02 seconds
Refreshing native plugins compatible for Editor in 2.07 ms, found 2 plugins.
Preloading 0 native plugins for Editor in 0.00 ms.
Unloading 1953 Unused Serialized files (Serialized files now loaded: 0)
System memory in use before: 156.1 MB.
System memory in use after: 156.2 MB.

Unloading 58 unused Assets to reduce memory usage. Loaded Objects now: 2357.
Total: 8.623287 ms (FindLiveObjects: 0.379430 ms CreateObjectMapping: 0.218872 ms MarkObjects: 7.851187 ms  DeleteObjects: 0.171914 ms)

AssetImportParameters requested are different than current active one (requested -> active):
  custom:video-decoder-ogg-theora: a1e56fd34408186e4bbccfd4996cb3dc -> 
  custom:container-muxer-webm: aa71ff27fc2769a1b78a27578f13a17b -> 
  custom:container-demuxer-webm: 4f35f7cbe854078d1ac9338744f61a02 -> 
  custom:container-demuxer-ogg: 62fdf1f143b41e24485cea50d1cbac27 -> 
  custom:video-encoder-webm-vp8: eb34c28f22e8b96e1ab97ce403110664 -> 
  custom:framework-osx-AVFoundation: b23960f63f64bdc6ff669e2cdcee2391 -> 
  custom:video-decoder-webm-vp8: 9c59270c3fd7afecdb556c50c9e8de78 -> 
  custom:audio-decoder-ogg-vorbis: bf7c407c2cedff20999df2af8eb42d56 -> 
  custom:audio-encoder-webm-vorbis: bf7c407c2cedff20999df2af8eb42d56 -> 
========================================================================
Received Import Request.
  path: Assets/Week1_comp/Prefebs/block_manager.prefab
  artifactKey: Guid(3b9bd399eb9b94198af949b61c572d8d) Importer(815301076,1909f56bfc062723c751e8b465ee728b)
Start importing Assets/Week1_comp/Prefebs/block_manager.prefab using Guid(3b9bd399eb9b94198af949b61c572d8d) Importer(815301076,1909f56bfc062723c751e8b465ee728b)  -> (artifact id: '14ad760b5e493e75ddadff4072a9ddaf') in 0.441921 seconds 
  Import took 0.446332 seconds .

========================================================================
Received Import Request.
  Time since last request: 0.000385 seconds.
  path: Assets/Week1_comp/Prefebs/hp.prefab
  artifactKey: Guid(887ea72aac27746058bb8c47ad5f031e) Importer(815301076,1909f56bfc062723c751e8b465ee728b)
Start importing Assets/Week1_comp/Prefebs/hp.prefab using Guid(887ea72aac27746058bb8c47ad5f031e) Importer(815301076,1909f56bfc062723c751e8b465ee728b)  -> (artifact id: 'b2b7ab14b91f6fa8cc26c1092ac32623') in 0.014415 seconds 
  Import took 0.018983 seconds .

========================================================================
Received Import Request.
  Time since last request: 0.000347 seconds.
  path: Assets/Week1_comp/Prefebs/ball 1.prefab
  artifactKey: Guid(076cfd864fa1b6e40950b81db8c51d05) Importer(815301076,1909f56bfc062723c751e8b465ee728b)
Start importing Assets/Week1_comp/Prefebs/ball 1.prefab using Guid(076cfd864fa1b6e40950b81db8c51d05) Importer(815301076,1909f56bfc062723c751e8b465ee728b)  -> (artifact id: '4d5e3acd10455868da78c8fe55036652') in 0.259408 seconds 
  Import took 0.263276 seconds .

========================================================================
Received Import Request.
  Time since last request: 0.000360 seconds.
  path: Assets/Week1_comp/Prefebs/droping_brck.prefab
  artifactKey: Guid(d1a52b6abb1b9449f803173875acb482) Importer(815301076,1909f56bfc062723c751e8b465ee728b)
Start importing Assets/Week1_comp/Prefebs/droping_brck.prefab using Guid(d1a52b6abb1b9449f803173875acb482) Importer(815301076,1909f56bfc062723c751e8b465ee728b)  -> (artifact id: '429f55a7b2e32eedc05f2276a8bcb3e4') in 0.021277 seconds 
  Import took 0.027280 seconds .

========================================================================
Received Import Request.
  Time since last request: 0.000266 seconds.
  path: Assets/Week1_comp/Physics/simple run.physicsMaterial2D
  artifactKey: Guid(34cce1f5953a64be781e2ca2130d5947) Importer(815301076,1909f56bfc062723c751e8b465ee728b)
Start importing Assets/Week1_comp/Physics/simple run.physicsMaterial2D using Guid(34cce1f5953a64be781e2ca2130d5947) Importer(815301076,1909f56bfc062723c751e8b465ee728b)  -> (artifact id: '88a01faa106a500ad59d64aa14bf43fb') in 0.215121 seconds 
  Import took 0.220354 seconds .

========================================================================
Received Import Request.
  Time since last request: 0.000330 seconds.
  path: Assets/Week1_comp/Prefebs/GameObject.prefab
  artifactKey: Guid(e0e2053c98eb54f3fa3d4cde28a74565) Importer(815301076,1909f56bfc062723c751e8b465ee728b)
Start importing Assets/Week1_comp/Prefebs/GameObject.prefab using Guid(e0e2053c98eb54f3fa3d4cde28a74565) Importer(815301076,1909f56bfc062723c751e8b465ee728b)  -> (artifact id: '9affbd9c352f2d545553fdee2b18eb89') in 0.008904 seconds 
  Import took 0.013925 seconds .

AssetImportWorkerClient::OnTransportError - code=2 error=End of file
